2024-10-12 18:11:25,284 - main       <module>         22   INFO     -- 
XXXXXXXXXXXXXXXXXXXXXXXXXXXXXX main.py has started XXXXXXXXXXXXXXXXXXXXXXXXXXXXXX
2024-10-12 18:11:25,347 - main       main             381  INFO     -- In main loop
2024-10-12 18:11:27,691 - main       get_activity     32   INFO     -- 
2024-10-12 18:11:29,628 - main       get_activity     51   INFO     -- abs was selected
2024-10-12 18:11:29,647 - main       get_reps         71   INFO     -- workout_detail_id: 26
2024-10-12 18:11:31,628 - main       get_reps         80   INFO     -- 30 reps were entered
2024-10-12 18:11:31,628 - main       get_weight       85   INFO     -- workout_detail_id: 26, reps: 30
2024-10-12 18:11:33,185 - main       get_weight       94   INFO     -- 60 lbs was entered
2024-10-12 18:13:47,298 - main       add_user         255  INFO     -- 
2024-10-12 18:25:09,466 - main       <module>         22   INFO     -- 
XXXXXXXXXXXXXXXXXXXXXXXXXXXXXX main.py has started XXXXXXXXXXXXXXXXXXXXXXXXXXXXXX
2024-10-12 18:25:09,515 - main       main             381  INFO     -- In main loop
2024-10-12 18:36:15,142 - main       <module>         22   INFO     -- 
XXXXXXXXXXXXXXXXXXXXXXXXXXXXXX main.py has started XXXXXXXXXXXXXXXXXXXXXXXXXXXXXX
2024-10-12 18:36:15,181 - main       main             381  INFO     -- In main loop
2024-10-12 18:36:43,282 - main       <module>         22   INFO     -- 
XXXXXXXXXXXXXXXXXXXXXXXXXXXXXX main.py has started XXXXXXXXXXXXXXXXXXXXXXXXXXXXXX
2024-10-12 18:36:43,319 - main       main             381  INFO     -- In main loop
2024-10-12 18:36:47,949 - main       get_activity     32   INFO     -- 
2024-10-12 18:36:49,676 - main       get_activity     51   INFO     -- abs was selected
2024-10-12 18:36:49,696 - main       get_reps         71   INFO     -- workout_detail_id: 27
2024-10-12 18:36:51,396 - main       get_reps         80   INFO     -- 1 reps were entered
2024-10-12 18:36:51,396 - main       get_weight       85   INFO     -- workout_detail_id: 27, reps: 1
2024-10-12 18:36:51,765 - main       get_weight       94   INFO     -- 1 lbs was entered
2024-10-12 18:57:14,269 - main       <module>         22   INFO     -- 
XXXXXXXXXXXXXXXXXXXXXXXXXXXXXX main.py has started XXXXXXXXXXXXXXXXXXXXXXXXXXXXXX
2024-10-12 18:57:37,018 - main       <module>         22   INFO     -- 
XXXXXXXXXXXXXXXXXXXXXXXXXXXXXX main.py has started XXXXXXXXXXXXXXXXXXXXXXXXXXXXXX
2024-10-12 18:57:37,095 - main       main             381  INFO     -- In main loop
2024-10-12 18:57:40,728 - main       get_activity     32   INFO     -- 
2024-10-12 18:57:42,351 - main       get_activity     51   INFO     -- abs was selected
2024-10-12 18:57:42,375 - main       get_reps         71   INFO     -- workout_detail_id: 28
2024-10-12 18:57:43,840 - main       get_reps         80   INFO     -- 1 reps were entered
2024-10-12 18:57:43,840 - main       get_weight       85   INFO     -- workout_detail_id: 28, reps: 1
2024-10-12 18:57:44,208 - main       get_weight       94   INFO     -- 1 lbs was entered
2024-10-12 18:57:44,527 - main       get_reps         71   INFO     -- workout_detail_id: 29
2024-10-12 18:57:45,664 - main       get_reps         76   ERROR    -- q is not valid
2024-10-12 18:57:46,535 - main       get_reps         80   INFO     -- 1 reps were entered
2024-10-12 18:57:46,536 - main       get_weight       85   INFO     -- workout_detail_id: 29, reps: 1
2024-10-12 18:57:47,712 - main       get_weight       94   INFO     -- 1 lbs was entered
2024-10-12 20:24:56,883 - main       <module>         22   INFO     -- 
XXXXXXXXXXXXXXXXXXXXXXXXXXXXXX main.py has started XXXXXXXXXXXXXXXXXXXXXXXXXXXXXX
2024-10-12 20:24:56,922 - main       main             381  INFO     -- In main loop
2024-10-12 20:25:03,548 - main       get_activity     32   INFO     -- 
2024-10-12 20:25:05,844 - main       get_activity     46   ERROR    --  is not valid
2024-10-12 20:25:07,444 - main       get_activity     46   ERROR    --  is not valid
2024-10-12 20:30:00,612 - main       <module>         22   INFO     -- 
XXXXXXXXXXXXXXXXXXXXXXXXXXXXXX main.py has started XXXXXXXXXXXXXXXXXXXXXXXXXXXXXX
2024-10-12 20:30:00,651 - main       main             381  INFO     -- In main loop
2024-10-12 20:30:12,314 - main       update_user      315  INFO     -- user_id: 5, first_name: None, last_name: None, disabled: Y
2024-10-12 20:30:30,617 - main       get_activity     32   INFO     -- 
2024-10-12 20:30:32,224 - main       get_activity     51   INFO     -- abs was selected
2024-10-12 20:30:32,245 - main       get_reps         71   INFO     -- workout_detail_id: 30
2024-10-12 20:30:34,239 - main       get_reps         80   INFO     -- 10 reps were entered
2024-10-12 20:30:34,239 - main       get_weight       85   INFO     -- workout_detail_id: 30, reps: 10
2024-10-12 20:30:35,616 - main       get_weight       94   INFO     -- 55 lbs was entered
