2024-10-12 18:11:25,281 - dbHelper             <module>                   16   INFO     -- 
XXXXXXXXXXXXXXXXXXXXXXXXXXXXXX dbHelper.py has started XXXXXXXXXXXXXXXXXXXXXXXXXXXXXX
2024-10-12 18:11:25,284 - dbHelper             create_db_engine           24   INFO     -- creating db engine
2024-10-12 18:11:25,347 - user_lib             get_all_users              78   INFO     -- include_disabled: Y
2024-10-12 18:11:27,691 - activity_lib         get_all_activities         107  INFO     -- getting all activities
2024-10-12 18:11:29,628 - activity_lib         get_activity_by_desc       79   INFO     -- activity_desc: abs
2024-10-12 18:11:29,634 - workout_lib          create_workout             18   INFO     -- activity_id: 1, user_id: 1, created_by: 1, updated_by: 1
2024-10-12 18:11:29,634 - workout_lib          create_workout             29   INFO     -- INSERT INTO workout (activity_id, user_id, start_time, created_by, updated_by) VALUES (:activity_id, :user_id, :start_time, :created_by, :updated_by) RETURNING workout.workout_id
2024-10-12 18:11:29,642 - workout_detail_lib   create_workout_detail      18   INFO     -- workout_id: 23, rep_count: None, weight: None, created_by: 1, updated_by: 1
2024-10-12 18:11:29,642 - workout_detail_lib   create_workout_detail      30   INFO     -- INSERT INTO workoutdetail (workout_id, rep_count, weight, start_time, created_by, updated_by) VALUES (:workout_id, :rep_count, :weight, :start_time, :created_by, :updated_by) RETURNING workoutdetail.workout_detail_id
2024-10-12 18:11:33,186 - workout_detail_lib   complete_workout_detail    45   INFO     -- workout_detail_id: 26, rep_count: 30, weight: 60, updated_by: 1
2024-10-12 18:11:33,186 - workout_detail_lib   complete_workout_detail    56   INFO     -- UPDATE workoutdetail SET rep_count=:rep_count, weight=:weight, end_time=:end_time, update_date=:update_date, updated_by=:updated_by WHERE workoutdetail.workout_detail_id = :workout_detail_id_1 RETURNING workoutdetail.workout_detail_id, workoutdetail.workout_id, workoutdetail.rep_count, workoutdetail.weight, workoutdetail.start_time, workoutdetail.end_time, workoutdetail.creation_date, workoutdetail.update_date, workoutdetail.created_by, workoutdetail.updated_by
2024-10-12 18:11:33,195 - activity_lib         get_activity_by_workout_id 91   INFO     -- workout_id: 23
2024-10-12 18:11:35,034 - workout_lib          complete_workout           43   INFO     -- updated_by: 1
2024-10-12 18:11:35,034 - workout_lib          complete_workout           49   INFO     -- UPDATE workout SET end_time=:end_time, update_date=now(), updated_by=:updated_by WHERE workout.workout_id = :workout_id_1 RETURNING workout.workout_id, workout.activity_id, workout.user_id, workout.start_time, workout.end_time, workout.creation_date, workout.update_date, workout.created_by, workout.updated_by
2024-10-12 18:13:42,673 - user_lib             get_all_users              78   INFO     -- include_disabled: N
2024-10-12 18:13:47,299 - user_lib             get_all_users              78   INFO     -- include_disabled: N
2024-10-12 18:13:50,674 - user_lib             create_user                15   INFO     -- first_name: Steve, last_name: Carmody
2024-10-12 18:13:50,675 - user_lib             create_user                23   INFO     -- INSERT INTO "user" (first_name, last_name, created_by, updated_by) VALUES (:first_name, :last_name, :created_by, :updated_by)
2024-10-12 18:13:52,314 - user_lib             get_all_users              78   INFO     -- include_disabled: N
2024-10-12 18:25:09,458 - dbHelper             <module>                   15   INFO     -- 
XXXXXXXXXXXXXXXXXXXXXXXXXXXXXX dbHelper.py has started XXXXXXXXXXXXXXXXXXXXXXXXXXXXXX
2024-10-12 18:25:09,466 - dbHelper             create_db_engine           23   INFO     -- creating db engine
2024-10-12 18:25:09,517 - user_lib             get_all_users              77   INFO     -- include_disabled: Y
2024-10-12 18:25:16,815 - user_lib             get_all_users              77   INFO     -- include_disabled: N
2024-10-12 18:36:15,137 - dbHelper             <module>                   15   INFO     -- 
XXXXXXXXXXXXXXXXXXXXXXXXXXXXXX dbHelper.py has started XXXXXXXXXXXXXXXXXXXXXXXXXXXXXX
2024-10-12 18:36:15,143 - dbHelper             create_db_engine           23   INFO     -- creating db engine
2024-10-12 18:36:15,181 - user_lib             get_all_users              77   INFO     -- include_disabled: Y
2024-10-12 18:36:43,279 - dbHelper             <module>                   15   INFO     -- 
XXXXXXXXXXXXXXXXXXXXXXXXXXXXXX dbHelper.py has started XXXXXXXXXXXXXXXXXXXXXXXXXXXXXX
2024-10-12 18:36:43,282 - dbHelper             create_db_engine           23   INFO     -- creating db engine
2024-10-12 18:36:43,319 - user_lib             get_all_users              77   INFO     -- include_disabled: Y
2024-10-12 18:36:47,949 - activity_lib         get_all_activities         106  INFO     -- getting all activities
2024-10-12 18:36:49,676 - activity_lib         get_activity_by_desc       78   INFO     -- activity_desc: abs
2024-10-12 18:36:49,682 - workout_lib          create_workout             17   INFO     -- activity_id: 1, user_id: 1, created_by: 1, updated_by: 1
2024-10-12 18:36:49,682 - workout_lib          create_workout             28   INFO     -- INSERT INTO workout (activity_id, user_id, start_time, created_by, updated_by) VALUES (:activity_id, :user_id, :start_time, :created_by, :updated_by) RETURNING workout.workout_id
2024-10-12 18:36:49,689 - workout_detail_lib   create_workout_detail      24   INFO     -- workout_id: 24, rep_count: None, weight: None, created_by: 1, updated_by: 1
2024-10-12 18:36:49,689 - workout_detail_lib   create_workout_detail      36   INFO     -- INSERT INTO workoutdetail (workout_id, rep_count, weight, start_time, created_by, updated_by) VALUES (:workout_id, :rep_count, :weight, :start_time, :created_by, :updated_by) RETURNING workoutdetail.workout_detail_id
2024-10-12 18:36:51,766 - workout_detail_lib   complete_workout_detail    51   INFO     -- workout_detail_id: 27, rep_count: 1, weight: 1, updated_by: 1
2024-10-12 18:36:51,766 - workout_detail_lib   complete_workout_detail    62   INFO     -- UPDATE workoutdetail SET rep_count=:rep_count, weight=:weight, end_time=:end_time, update_date=:update_date, updated_by=:updated_by WHERE workoutdetail.workout_detail_id = :workout_detail_id_1 RETURNING workoutdetail.workout_detail_id, workoutdetail.workout_id, workoutdetail.rep_count, workoutdetail.weight, workoutdetail.start_time, workoutdetail.end_time, workoutdetail.creation_date, workoutdetail.update_date, workoutdetail.created_by, workoutdetail.updated_by
2024-10-12 18:36:51,773 - activity_lib         get_activity_by_workout_id 90   INFO     -- workout_id: 24
2024-10-12 18:36:53,404 - workout_lib          complete_workout           42   INFO     -- updated_by: 1
2024-10-12 18:36:53,404 - workout_lib          complete_workout           48   INFO     -- UPDATE workout SET end_time=:end_time, update_date=now(), updated_by=:updated_by WHERE workout.workout_id = :workout_id_1 RETURNING workout.workout_id, workout.activity_id, workout.user_id, workout.start_time, workout.end_time, workout.creation_date, workout.update_date, workout.created_by, workout.updated_by
2024-10-12 18:57:14,262 - dbHelper             <module>                   15   INFO     -- 
XXXXXXXXXXXXXXXXXXXXXXXXXXXXXX dbHelper.py has started XXXXXXXXXXXXXXXXXXXXXXXXXXXXXX
2024-10-12 18:57:14,270 - dbHelper             create_db_engine           23   INFO     -- creating db engine
2024-10-12 18:57:18,355 - dbHelper             create_db_engine           40   ERROR    -- (psycopg2.OperationalError) connection to server at "localhost" (::1), port 5432 failed: Connection refused (0x0000274D/10061)
	Is the server running on that host and accepting TCP/IP connections?
connection to server at "localhost" (127.0.0.1), port 5432 failed: Connection refused (0x0000274D/10061)
	Is the server running on that host and accepting TCP/IP connections?

(Background on this error at: https://sqlalche.me/e/20/e3q8)
2024-10-12 18:57:37,016 - dbHelper             <module>                   15   INFO     -- 
XXXXXXXXXXXXXXXXXXXXXXXXXXXXXX dbHelper.py has started XXXXXXXXXXXXXXXXXXXXXXXXXXXXXX
2024-10-12 18:57:37,018 - dbHelper             create_db_engine           23   INFO     -- creating db engine
2024-10-12 18:57:37,095 - user_lib             get_all_users              77   INFO     -- include_disabled: Y
2024-10-12 18:57:40,728 - activity_lib         get_all_activities         106  INFO     -- getting all activities
2024-10-12 18:57:42,352 - activity_lib         get_activity_by_desc       78   INFO     -- activity_desc: abs
2024-10-12 18:57:42,360 - workout_lib          create_workout             17   INFO     -- activity_id: 1, user_id: 1, created_by: 1, updated_by: 1
2024-10-12 18:57:42,360 - workout_lib          create_workout             28   INFO     -- INSERT INTO workout (activity_id, user_id, start_time, created_by, updated_by) VALUES (:activity_id, :user_id, :start_time, :created_by, :updated_by) RETURNING workout.workout_id
2024-10-12 18:57:42,369 - workout_detail_lib   create_workout_detail      29   INFO     -- workout_id: 25, rep_count: None, weight: None, created_by: 1, updated_by: 1
2024-10-12 18:57:42,370 - workout_detail_lib   create_workout_detail      41   INFO     -- INSERT INTO workoutdetail (workout_id, rep_count, weight, start_time, created_by, updated_by) VALUES (:workout_id, :rep_count, :weight, :start_time, :created_by, :updated_by) RETURNING workoutdetail.workout_detail_id
2024-10-12 18:57:44,208 - workout_detail_lib   complete_workout_detail    56   INFO     -- workout_detail_id: 28, rep_count: 1, weight: 1, updated_by: 1
2024-10-12 18:57:44,208 - workout_detail_lib   complete_workout_detail    67   INFO     -- UPDATE workoutdetail SET rep_count=:rep_count, weight=:weight, end_time=:end_time, update_date=:update_date, updated_by=:updated_by WHERE workoutdetail.workout_detail_id = :workout_detail_id_1 RETURNING workoutdetail.workout_detail_id, workoutdetail.workout_id, workoutdetail.rep_count, workoutdetail.weight, workoutdetail.start_time, workoutdetail.end_time, workoutdetail.creation_date, workoutdetail.update_date, workoutdetail.created_by, workoutdetail.updated_by
2024-10-12 18:57:44,217 - activity_lib         get_activity_by_workout_id 90   INFO     -- workout_id: 25
2024-10-12 18:57:44,519 - workout_detail_lib   create_workout_detail      29   INFO     -- workout_id: 25, rep_count: None, weight: None, created_by: 1, updated_by: 1
2024-10-12 18:57:44,520 - workout_detail_lib   create_workout_detail      41   INFO     -- INSERT INTO workoutdetail (workout_id, rep_count, weight, start_time, created_by, updated_by) VALUES (:workout_id, :rep_count, :weight, :start_time, :created_by, :updated_by) RETURNING workoutdetail.workout_detail_id
2024-10-12 18:57:47,712 - workout_detail_lib   complete_workout_detail    56   INFO     -- workout_detail_id: 29, rep_count: 1, weight: 1, updated_by: 1
2024-10-12 18:57:47,712 - workout_detail_lib   complete_workout_detail    67   INFO     -- UPDATE workoutdetail SET rep_count=:rep_count, weight=:weight, end_time=:end_time, update_date=:update_date, updated_by=:updated_by WHERE workoutdetail.workout_detail_id = :workout_detail_id_1 RETURNING workoutdetail.workout_detail_id, workoutdetail.workout_id, workoutdetail.rep_count, workoutdetail.weight, workoutdetail.start_time, workoutdetail.end_time, workoutdetail.creation_date, workoutdetail.update_date, workoutdetail.created_by, workoutdetail.updated_by
2024-10-12 18:57:47,721 - activity_lib         get_activity_by_workout_id 90   INFO     -- workout_id: 25
2024-10-12 18:57:48,327 - workout_lib          complete_workout           42   INFO     -- updated_by: 1
2024-10-12 18:57:48,327 - workout_lib          complete_workout           48   INFO     -- UPDATE workout SET end_time=:end_time, update_date=now(), updated_by=:updated_by WHERE workout.workout_id = :workout_id_1 RETURNING workout.workout_id, workout.activity_id, workout.user_id, workout.start_time, workout.end_time, workout.creation_date, workout.update_date, workout.created_by, workout.updated_by
2024-10-12 20:24:56,879 - dbHelper             <module>                   15   INFO     -- 
XXXXXXXXXXXXXXXXXXXXXXXXXXXXXX dbHelper.py has started XXXXXXXXXXXXXXXXXXXXXXXXXXXXXX
2024-10-12 20:24:56,883 - dbHelper             create_db_engine           23   INFO     -- creating db engine
2024-10-12 20:24:56,922 - user_lib             get_all_users              77   INFO     -- include_disabled: Y
2024-10-12 20:25:03,549 - activity_lib         get_all_activities         106  INFO     -- getting all activities
2024-10-12 20:25:07,444 - user_lib             get_all_users              77   INFO     -- include_disabled: Y
2024-10-12 20:30:00,604 - dbHelper             <module>                   15   INFO     -- 
XXXXXXXXXXXXXXXXXXXXXXXXXXXXXX dbHelper.py has started XXXXXXXXXXXXXXXXXXXXXXXXXXXXXX
2024-10-12 20:30:00,612 - dbHelper             create_db_engine           23   INFO     -- creating db engine
2024-10-12 20:30:00,651 - user_lib             get_all_users              77   INFO     -- include_disabled: Y
2024-10-12 20:30:08,961 - user_lib             get_all_users              77   INFO     -- include_disabled: Y
2024-10-12 20:30:10,704 - user_lib             get_pk                     65   INFO     -- user_id: 5
2024-10-12 20:30:12,314 - user_lib             update_user                35   INFO     -- first_name: None, last_name: None, user_id: 5, updated_by: 1
2024-10-12 20:30:12,315 - user_lib             update_user                53   INFO     -- UPDATE "user" SET disabled=:disabled, update_date=now(), updated_by=:updated_by WHERE "user".user_id = :user_id_1
2024-10-12 20:30:15,561 - user_lib             get_all_users              77   INFO     -- include_disabled: N
2024-10-12 20:30:20,498 - user_lib             get_all_users              77   INFO     -- include_disabled: Y
2024-10-12 20:30:25,344 - user_lib             get_all_users              77   INFO     -- include_disabled: Y
2024-10-12 20:30:30,617 - activity_lib         get_all_activities         106  INFO     -- getting all activities
2024-10-12 20:30:32,224 - activity_lib         get_activity_by_desc       78   INFO     -- activity_desc: abs
2024-10-12 20:30:32,232 - workout_lib          create_workout             17   INFO     -- activity_id: 1, user_id: 1, created_by: 1, updated_by: 1
2024-10-12 20:30:32,232 - workout_lib          create_workout             28   INFO     -- INSERT INTO workout (activity_id, user_id, start_time, created_by, updated_by) VALUES (:activity_id, :user_id, :start_time, :created_by, :updated_by) RETURNING workout.workout_id
2024-10-12 20:30:32,239 - workout_detail_lib   create_workout_detail      18   INFO     -- workout_id: 26, rep_count: None, weight: None, created_by: 1, updated_by: 1
2024-10-12 20:30:32,239 - workout_detail_lib   create_workout_detail      30   INFO     -- INSERT INTO workoutdetail (workout_id, rep_count, weight, start_time, created_by, updated_by) VALUES (:workout_id, :rep_count, :weight, :start_time, :created_by, :updated_by) RETURNING workoutdetail.workout_detail_id
2024-10-12 20:30:35,617 - workout_detail_lib   complete_workout_detail    45   INFO     -- workout_detail_id: 30, rep_count: 10, weight: 55, updated_by: 1
2024-10-12 20:30:35,617 - workout_detail_lib   complete_workout_detail    56   INFO     -- UPDATE workoutdetail SET rep_count=:rep_count, weight=:weight, end_time=:end_time, update_date=:update_date, updated_by=:updated_by WHERE workoutdetail.workout_detail_id = :workout_detail_id_1 RETURNING workoutdetail.workout_detail_id, workoutdetail.workout_id, workoutdetail.rep_count, workoutdetail.weight, workoutdetail.start_time, workoutdetail.end_time, workoutdetail.creation_date, workoutdetail.update_date, workoutdetail.created_by, workoutdetail.updated_by
2024-10-12 20:30:35,624 - activity_lib         get_activity_by_workout_id 90   INFO     -- workout_id: 26
2024-10-12 20:30:37,337 - workout_lib          complete_workout           42   INFO     -- updated_by: 1
2024-10-12 20:30:37,338 - workout_lib          complete_workout           48   INFO     -- UPDATE workout SET end_time=:end_time, update_date=now(), updated_by=:updated_by WHERE workout.workout_id = :workout_id_1 RETURNING workout.workout_id, workout.activity_id, workout.user_id, workout.start_time, workout.end_time, workout.creation_date, workout.update_date, workout.created_by, workout.updated_by
